C:\USERS\NAKAZAWA\DESKTOP\GIT\UEYECAPTURESINGLE\RELEASE\STDAFX.OBJ
C:\USERS\NAKAZAWA\DESKTOP\GIT\UEYECAPTURESINGLE\RELEASE\UEYECAPTURESINGLE.OBJ
C:\USERS\NAKAZAWA\DESKTOP\GIT\UEYECAPTURESINGLE\RELEASE\VC110.PDB
C:\USERS\NAKAZAWA\DESKTOP\UEYECAPTUREMULTI\RELEASE\UEYECAPTURESINGLE.EXE
C:\USERS\NAKAZAWA\DESKTOP\UEYECAPTUREMULTI\RELEASE\UEYECAPTURESINGLE.PDB
C:\USERS\NAKAZAWA\DESKTOP\GIT\RELEASE\UEYECAPTURESINGLE.EXE
C:\USERS\NAKAZAWA\DESKTOP\GIT\RELEASE\UEYECAPTURESINGLE.PDB
C:\Users\nakazawa\Desktop\GIT\uEyeCaptureSingle\Release\stdafx.obj
C:\Users\nakazawa\Desktop\GIT\uEyeCaptureSingle\Release\uEyeCaptureSingle.obj
C:\Users\nakazawa\Desktop\GIT\uEyeCaptureSingle\Release\cl.command.1.tlog
C:\Users\nakazawa\Desktop\GIT\uEyeCaptureSingle\Release\CL.read.1.tlog
C:\Users\nakazawa\Desktop\GIT\uEyeCaptureSingle\Release\CL.write.1.tlog
C:\Users\nakazawa\Desktop\GIT\uEyeCaptureSingle\Release\link-cvtres.read.1.tlog
C:\Users\nakazawa\Desktop\GIT\uEyeCaptureSingle\Release\link-cvtres.write.1.tlog
C:\Users\nakazawa\Desktop\GIT\uEyeCaptureSingle\Release\link-rc.read.1.tlog
C:\Users\nakazawa\Desktop\GIT\uEyeCaptureSingle\Release\link-rc.write.1.tlog
C:\Users\nakazawa\Desktop\GIT\uEyeCaptureSingle\Release\link.command.1.tlog
C:\Users\nakazawa\Desktop\GIT\uEyeCaptureSingle\Release\link.read.1.tlog
C:\Users\nakazawa\Desktop\GIT\uEyeCaptureSingle\Release\link.read.2.tlog
C:\Users\nakazawa\Desktop\GIT\uEyeCaptureSingle\Release\link.read.3.tlog
C:\Users\nakazawa\Desktop\GIT\uEyeCaptureSingle\Release\link.read.4.tlog
C:\Users\nakazawa\Desktop\GIT\uEyeCaptureSingle\Release\link.read.5.tlog
C:\Users\nakazawa\Desktop\GIT\uEyeCaptureSingle\Release\link.write.1.tlog
C:\Users\nakazawa\Desktop\GIT\uEyeCaptureSingle\Release\vc110.pdb
C:\Users\nakazawa\Desktop\GIT\Release\uEyeCaptureSingle.pdb
C:\Users\nakazawa\Desktop\GIT\Release\uEyeCaptureSingle.exe
